2025/06/22 18:02:18 main.go:23: Initializing downloader...
2025/06/22 18:02:18 main.go:29: Downloading video R6kU-N6GBz8...
Downloading video R6kU-N6GBz8 to downloads
[youtube] Extracting URL: https://www.youtube.com/watch?v=R6kU-N6GBz8
[youtube] R6kU-N6GBz8: Downloading webpage
[youtube] R6kU-N6GBz8: Downloading tv client config
[youtube] R6kU-N6GBz8: Downloading tv player API JSON
[info] R6kU-N6GBz8: Downloading 1 format(s): 299+140
[download] Destination: downloads\REST_API_Rust [R6kU-N6GBz8].f299.mp4

[download]   0.0% of   44.27MiB at    6.65KiB/s ETA 01:53:34
[download]   0.0% of   44.27MiB at   19.96KiB/s ETA 37:51   
[download]   0.0% of   44.27MiB at   46.57KiB/s ETA 16:13
[download]   0.0% of   44.27MiB at   99.80KiB/s ETA 07:34
[download]   0.1% of   44.27MiB at  186.71KiB/s ETA 04:02
[download]   0.1% of   44.27MiB at  195.28KiB/s ETA 03:51
[download]   0.3% of   44.27MiB at  257.24KiB/s ETA 02:55
[download]   0.6% of   44.27MiB at  381.15KiB/s ETA 01:58
[download]   1.1% of   44.27MiB at  608.78KiB/s ETA 01:13
[download]   2.3% of   44.27MiB at  878.01KiB/s ETA 00:50
[download]   4.5% of   44.27MiB at    1.21MiB/s ETA 00:34
[download]   9.0% of   44.27MiB at    1.72MiB/s ETA 00:23
[download]  15.7% of   44.27MiB at    1.99MiB/s ETA 00:18
[download]  21.4% of   44.27MiB at    2.18MiB/s ETA 00:15
[download]  22.3% of   44.27MiB at    2.19MiB/s ETA 00:15
[download]  22.3% of   44.27MiB at  Unknown B/s ETA Unknown
[download]  22.3% of   44.27MiB at  Unknown B/s ETA Unknown
[download]  22.3% of   44.27MiB at  Unknown B/s ETA Unknown
[download]  22.3% of   44.27MiB at  Unknown B/s ETA Unknown
[download]  22.3% of   44.27MiB at  Unknown B/s ETA Unknown
[download]  22.4% of   44.27MiB at    3.71MiB/s ETA 00:09  
[download]  22.6% of   44.27MiB at    7.48MiB/s ETA 00:04
[download]  22.8% of   44.27MiB at    6.93MiB/s ETA 00:04
[download]  23.4% of   44.27MiB at    2.83MiB/s ETA 00:11
[download]  24.5% of   44.27MiB at    2.99MiB/s ETA 00:11
[download]  26.8% of   44.27MiB at    2.91MiB/s ETA 00:11
[download]  31.3% of   44.27MiB at    2.98MiB/s ETA 00:10
[download]  38.2% of   44.27MiB at    2.96MiB/s ETA 00:09
[download]  44.1% of   44.27MiB at    2.91MiB/s ETA 00:08
[download]  44.1% of   44.27MiB at  Unknown B/s ETA Unknown
[download]  44.2% of   44.27MiB at  Unknown B/s ETA Unknown
[download]  44.2% of   44.27MiB at  Unknown B/s ETA Unknown
[download]  44.2% of   44.27MiB at  Unknown B/s ETA Unknown
[download]  44.2% of   44.27MiB at  Unknown B/s ETA Unknown
[download]  44.3% of   44.27MiB at    3.91MiB/s ETA 00:06  
[download]  44.4% of   44.27MiB at    7.88MiB/s ETA 00:03
[download]  44.7% of   44.27MiB at    6.90MiB/s ETA 00:03
[download]  45.3% of   44.27MiB at    1.48MiB/s ETA 00:16
[download]  46.4% of   44.27MiB at    2.82MiB/s ETA 00:08
[download]  48.7% of   44.27MiB at    2.39MiB/s ETA 00:09
[download]  53.2% of   44.27MiB at    2.38MiB/s ETA 00:08
[download]  58.5% of   44.27MiB at    2.40MiB/s ETA 00:07
[download]  64.0% of   44.27MiB at    2.51MiB/s ETA 00:06
[download]  65.9% of   44.27MiB at    2.52MiB/s ETA 00:05
[download]  65.9% of   44.27MiB at  999.36KiB/s ETA 00:15
[download]  65.9% of   44.27MiB at    2.93MiB/s ETA 00:05
[download]  65.9% of   44.27MiB at    6.83MiB/s ETA 00:02
[download]  66.0% of   44.27MiB at   14.64MiB/s ETA 00:01
[download]  66.0% of   44.27MiB at   30.25MiB/s ETA 00:00
[download]  66.1% of   44.27MiB at   61.48MiB/s ETA 00:00
[download]  66.2% of   44.27MiB at   11.61MiB/s ETA 00:01
[download]  66.5% of   44.27MiB at   12.36MiB/s ETA 00:01
[download]  67.0% of   44.27MiB at    2.94MiB/s ETA 00:04
[download]  68.2% of   44.27MiB at    3.00MiB/s ETA 00:04
[download]  70.4% of   44.27MiB at    2.98MiB/s ETA 00:04
[download]  75.0% of   44.27MiB at    2.69MiB/s ETA 00:04
[download]  80.5% of   44.27MiB at    2.45MiB/s ETA 00:03
[download]  85.3% of   44.27MiB at    2.47MiB/s ETA 00:02
[download]  87.9% of   44.27MiB at    2.44MiB/s ETA 00:02
[download]  87.9% of   44.27MiB at  Unknown B/s ETA Unknown
[download]  87.9% of   44.27MiB at  Unknown B/s ETA Unknown
[download]  87.9% of   44.27MiB at  Unknown B/s ETA Unknown
[download]  87.9% of   44.27MiB at  Unknown B/s ETA Unknown
[download]  87.9% of   44.27MiB at  Unknown B/s ETA Unknown
[download]  88.0% of   44.27MiB at  Unknown B/s ETA Unknown
[download]  88.2% of   44.27MiB at  Unknown B/s ETA Unknown
[download]  88.4% of   44.27MiB at    9.67MiB/s ETA 00:00  
[download]  89.0% of   44.27MiB at    1.52MiB/s ETA 00:03
[download]  90.1% of   44.27MiB at    2.06MiB/s ETA 00:02
[download]  92.4% of   44.27MiB at    1.99MiB/s ETA 00:01
[download]  96.7% of   44.27MiB at    1.95MiB/s ETA 00:00
[download] 100.0% of   44.27MiB at    1.92MiB/s ETA 00:00
[download] 100% of   44.27MiB in 00:00:19 at 2.24MiB/s   
[download] Destination: downloads\REST_API_Rust [R6kU-N6GBz8].f140.m4a

[download]   0.0% of   13.05MiB at  Unknown B/s ETA Unknown
[download]   0.0% of   13.05MiB at  Unknown B/s ETA Unknown
[download]   0.1% of   13.05MiB at  Unknown B/s ETA Unknown
[download]   0.1% of   13.05MiB at  Unknown B/s ETA Unknown
[download]   0.2% of   13.05MiB at  Unknown B/s ETA Unknown
[download]   0.5% of   13.05MiB at    4.46MiB/s ETA 00:02  
[download]   1.0% of   13.05MiB at    6.07MiB/s ETA 00:02
[download]   1.9% of   13.05MiB at    7.29MiB/s ETA 00:01
[download]   3.8% of   13.05MiB at    2.75MiB/s ETA 00:04
[download]   7.7% of   13.05MiB at    2.00MiB/s ETA 00:06
[download]  15.3% of   13.05MiB at    2.14MiB/s ETA 00:05
[download]  30.7% of   13.05MiB at    2.17MiB/s ETA 00:04
[download]  47.6% of   13.05MiB at    2.08MiB/s ETA 00:03
[download]  62.4% of   13.05MiB at    2.06MiB/s ETA 00:02
[download]  75.2% of   13.05MiB at    2.06MiB/s ETA 00:01
[download]  75.3% of   13.05MiB at  Unknown B/s ETA Unknown
[download]  75.3% of   13.05MiB at  Unknown B/s ETA Unknown
[download]  75.3% of   13.05MiB at  Unknown B/s ETA Unknown
[download]  75.4% of   13.05MiB at  Unknown B/s ETA Unknown
[download]  75.5% of   13.05MiB at    1.93MiB/s ETA 00:01  
[download]  75.7% of   13.05MiB at    3.48MiB/s ETA 00:00
[download]  76.2% of   13.05MiB at    7.02MiB/s ETA 00:00
[download]  77.2% of   13.05MiB at    6.92MiB/s ETA 00:00
[download]  79.1% of   13.05MiB at    2.75MiB/s ETA 00:00
[download]  82.9% of   13.05MiB at    2.74MiB/s ETA 00:00
[download]  90.6% of   13.05MiB at    2.32MiB/s ETA 00:00
[download] 100.0% of   13.05MiB at    2.12MiB/s ETA 00:00
[download] 100% of   13.05MiB in 00:00:06 at 1.97MiB/s   
[Merger] Merging formats into "downloads\REST_API_Rust [R6kU-N6GBz8].mp4"
Deleting original file downloads\REST_API_Rust [R6kU-N6GBz8].f140.m4a (pass -k to keep)
Deleting original file downloads\REST_API_Rust [R6kU-N6GBz8].f299.mp4 (pass -k to keep)
[Metadata] There isn't any metadata to add
Successfully downloaded: downloads\REST_API_Rust [R6kU-N6GBz8].mp4
2025/06/22 18:02:50 main.go:34: Successfully downloaded to: downloads\REST_API_Rust [R6kU-N6GBz8].mp4
2025/06/22 18:02:50 main.go:36: Initializing Yandex client...
2025/06/22 18:02:50 main.go:43: Uploading REST_API_Rust [R6kU-N6GBz8].mp4 to Yandex.Disk...
2025/06/22 18:02:51 yandex.go:123: Starting upload...
